<?xml version="1.0" encoding="UTF-8"?>
<!-- Generated by org.testng.reporters.JUnitReportReporter -->
<testsuite hostname="AmitDeep" failures="0" tests="1" name="log4jdemo2.logtest" time="5.878" errors="0" timestamp="2021-06-10T01:40:20 IST" skipped="0">
  <testcase classname="log4jdemo2.logtest" name="show" time="5.878"/>
  <system-out/>
</testsuite> <!-- log4jdemo2.logtest -->
