<?xml version="1.0" encoding="UTF-8"?>
<!-- Generated by org.testng.reporters.JUnitReportReporter -->
<testsuite skipped="0" hostname="AmitDeep" name="Mvnjava1.AppiumTest" tests="1" failures="0" timestamp="2021-06-10T19:33:59 IST" time="0.000" errors="0">
  <testcase name="mobileapplogin" time="0.000" classname="Mvnjava1.AppiumTest"/>
  <system-out/>
</testsuite> <!-- Mvnjava1.AppiumTest -->
