<?xml version="1.0" encoding="UTF-8"?>
<!-- Generated by org.testng.reporters.JUnitReportReporter -->
<testsuite skipped="0" hostname="AmitDeep" name="log4jdemo2.logTest" tests="1" failures="0" timestamp="2021-06-10T19:33:59 IST" time="15.266" errors="0">
  <testcase name="show" time="15.266" classname="log4jdemo2.logTest"/>
  <system-out/>
</testsuite> <!-- log4jdemo2.logTest -->
